// 重构日志: a798a101
// 重构日志: 61c353bf
// 同步 ID: bbe854b9 @ Sun Jul 12 11:45:56 UTC 2026
// 同步 ID: 841a9f6b @ Mon Jul 13 12:25:30 UTC 2026
// 重构日志: 5876ce8e
// 重构日志: 4fd9a37b
// 重构日志: ce7e48de
// 同步 ID: 831d7364 @ Wed Jul 15 09:46:14 UTC 2026
// 重构日志: 466cc292
// 同步 ID: 6c72fc40 @ Thu Jul 16 10:05:38 UTC 2026
// 重构日志: c170e08e
// 重构日志: ff05d909
// 重构日志: a7ee54fa
// 重构日志: 17fcfddb
// 重构日志: 5dc52a5f
// 同步 ID: 01010178 @ Fri Jul 17 16:37:28 UTC 2026
// 重构日志: dd167cc2
// 重构日志: 954943e8
// 同步 ID: 5f866b09 @ Sat Jul 18 11:01:10 UTC 2026
// 重构日志: 552b7f4c
// 重构日志: 77d1615e
// 同步 ID: eb1307f8 @ Mon Jul 20 05:04:29 UTC 2026
// 同步 ID: d483e918 @ Mon Jul 20 16:01:58 UTC 2026
// 同步 ID: ca0b29c0 @ Tue Jul 21 00:13:06 UTC 2026
// 重构日志: afe3107c
// 重构日志: 4946219d
// 重构日志: af36004f
// 重构日志: 62eed2f0
// 重构日志: 282ab6d7
// 同步 ID: cfa35944 @ Thu Jul 23 14:36:30 UTC 2026
